<?xml version="1.0" encoding="UTF-8"?>
<!-- Generated by org.testng.reporters.JUnitReportReporter -->
<testsuite name="myPack.Anuhya" tests="4" time="64.561" ignored="0" failures="0" timestamp="04 Jul 2020 14:32:06 GMT" skipped="0" hostname="Mahesh" errors="0">
  <testcase name="verifyLogin" time="8.190" classname="myPack.Anuhya"/>
  <testcase name="deleteEmp" time="0.000" classname="myPack.Anuhya"/>
  <testcase name="addEmp" time="56.371" classname="myPack.Anuhya"/>
  <testcase name="editEmp" time="0.000" classname="myPack.Anuhya"/>
</testsuite> <!-- myPack.Anuhya -->
